0 info it worked if it ends with ok
1 verbose cli [ 'C:\\Program Files\\nodejs\\\\node.exe',
1 verbose cli   'C:\\Program Files\\nodejs\\node_modules\\npm\\bin\\npm-cli.js',
1 verbose cli   'install',
1 verbose cli   'less' ]
2 info using npm@1.1.62
3 info using node@v0.8.11
4 verbose node symlink C:\Program Files\nodejs\\node.exe
5 verbose read json U:\workspace\greatwalks-builder\images\package.json
6 verbose read json U:\workspace\greatwalks-builder\images\package.json
7 verbose cache add [ 'less', null ]
8 silly cache add name=undefined spec="less" args=["less",null]
9 verbose parsed url { pathname: 'less', path: 'less', href: 'less' }
10 silly lockFile 0b439cf4-less less
11 verbose lock less \\wgnhosvr1\config$\!mholloway\npm-cache\0b439cf4-less.lock
12 silly lockFile 0b439cf4-less less
13 verbose addNamed [ 'less', '' ]
14 verbose addNamed [ null, '' ]
15 silly lockFile e13833ab-less less@
16 verbose lock less@ \\wgnhosvr1\config$\!mholloway\npm-cache\e13833ab-less.lock
17 silly addNameRange { name: 'less', range: '', hasData: false }
18 verbose url raw less
19 verbose url resolving [ 'https://registry.npmjs.org/', './less' ]
20 verbose url resolved https://registry.npmjs.org/less
21 info trying registry request attempt 1 at 13:47:06
22 http GET https://registry.npmjs.org/less
23 info retry will retry, error on last attempt: Error: connect ETIMEDOUT
24 info trying registry request attempt 2 at 13:47:39
25 http GET https://registry.npmjs.org/less
26 info retry will retry, error on last attempt: Error: connect ETIMEDOUT
27 info trying registry request attempt 3 at 13:49:00
28 http GET https://registry.npmjs.org/less
29 silly lockFile e13833ab-less less@
30 error Error: connect ETIMEDOUT
30 error     at errnoException (net.js:769:11)
30 error     at Object.afterConnect [as oncomplete] (net.js:760:19)
31 error If you need help, you may report this log at:
31 error     <http://github.com/isaacs/npm/issues>
31 error or email it to:
31 error     <npm-@googlegroups.com>
32 error System Windows_NT 5.1.2600
33 error command "C:\\Program Files\\nodejs\\\\node.exe" "C:\\Program Files\\nodejs\\node_modules\\npm\\bin\\npm-cli.js" "install" "less"
34 error cwd U:\workspace\greatwalks-builder\images
35 error node -v v0.8.11
36 error npm -v 1.1.62
37 error syscall connect
38 error code ETIMEDOUT
39 error errno ETIMEDOUT
40 verbose exit [ 1, true ]
